2023-03-21 18:34:56 INFO  TuitionProjectSpringApplication:51 - Starting TuitionProjectSpringApplication using Java 17.0.5 with PID 24690 (/Users/adamhardy/Downloads/TuitionProjectSpring/target/classes started by adamhardy in /Users/adamhardy/Downloads/TuitionProjectSpring)
2023-03-21 18:34:56 DEBUG TuitionProjectSpringApplication:52 - Running with Spring Boot v3.0.4, Spring v6.0.6
2023-03-21 18:34:56 INFO  TuitionProjectSpringApplication:632 - No active profile set, falling back to 1 default profile: "default"
2023-03-21 18:34:58 INFO  TuitionProjectSpringApplication:57 - Started TuitionProjectSpringApplication in 2.371 seconds (process running for 2.819)
2023-03-21 18:35:00 TRACE UserController:41 - Go to home page
2023-03-21 18:35:02 TRACE UserController:53 - Go to login page
2023-03-21 18:35:44 INFO  TuitionProjectSpringApplication:51 - Starting TuitionProjectSpringApplication using Java 17.0.5 with PID 24707 (/Users/adamhardy/Downloads/TuitionProjectSpring/target/classes started by adamhardy in /Users/adamhardy/Downloads/TuitionProjectSpring)
2023-03-21 18:35:44 DEBUG TuitionProjectSpringApplication:52 - Running with Spring Boot v3.0.4, Spring v6.0.6
2023-03-21 18:35:44 INFO  TuitionProjectSpringApplication:632 - No active profile set, falling back to 1 default profile: "default"
2023-03-21 18:35:47 INFO  TuitionProjectSpringApplication:57 - Started TuitionProjectSpringApplication in 2.857 seconds (process running for 3.572)
2023-03-21 18:35:51 TRACE UserController:41 - Go to home page
2023-03-21 18:35:52 TRACE UserController:47 - Go to registration page
2023-03-21 18:36:09 TRACE UserController:92 - transaction saved : shania poh is an official member now
2023-03-21 18:36:09 TRACE UserController:53 - Go to login page
2023-03-21 18:36:38 TRACE UserController:41 - Go to home page
2023-03-21 18:36:39 TRACE UserController:53 - Go to login page
2023-03-21 18:36:45 TRACE UserController:126 - logging in to: shania poh
2023-03-21 18:36:51 TRACE UserController:60 - Go to add student page
2023-03-21 18:36:56 TRACE UserController:81 - Student: lil jon will be added to shania poh's account
2023-03-21 18:36:56 TRACE UserController:83 - transaction saved
2023-03-21 18:36:58 TRACE UserController:201 - Going to student profile: lil jon
2023-03-21 18:37:00 TRACE UserController:71 - Go to add tuition class page
2023-03-21 18:37:04 TRACE UserController:214 - Adding tuition: Mathematics to student: lil
2023-03-21 18:37:04 TRACE UserController:217 - Hence, adding 500 to Parent: shania poh
2023-03-21 18:37:04 TRACE UserController:201 - Going to student profile: lil jon
2023-03-21 18:37:06 TRACE UserController:226 - Going to profile of: lil jon
2023-03-21 18:37:09 TRACE UserController:53 - Go to login page
2023-03-21 18:37:34 INFO  TuitionProjectSpringApplication:51 - Starting TuitionProjectSpringApplication using Java 17.0.5 with PID 24751 (/Users/adamhardy/Downloads/TuitionProjectSpring/target/classes started by adamhardy in /Users/adamhardy/Downloads/TuitionProjectSpring)
2023-03-21 18:37:34 DEBUG TuitionProjectSpringApplication:52 - Running with Spring Boot v3.0.4, Spring v6.0.6
2023-03-21 18:37:34 INFO  TuitionProjectSpringApplication:632 - No active profile set, falling back to 1 default profile: "default"
2023-03-21 18:37:36 INFO  TuitionProjectSpringApplication:57 - Started TuitionProjectSpringApplication in 2.482 seconds (process running for 2.946)
2023-03-21 18:37:39 TRACE UserController:41 - Go to home page
2023-03-21 18:37:40 TRACE UserController:47 - Go to registration page
2023-03-21 18:38:00 TRACE UserController:92 - transaction saved : Hannan Abdul Hamid is an official member now
2023-03-21 18:38:00 TRACE UserController:53 - Go to login page
2023-03-21 18:38:27 TRACE UserController:126 - logging in to: Hannan Abdul Hamid
2023-03-21 18:38:31 TRACE UserController:60 - Go to add student page
2023-03-21 18:38:37 TRACE UserController:81 - Student: lil  jabari will be added to Hannan Abdul Hamid's account
2023-03-21 18:38:37 TRACE UserController:83 - transaction saved
2023-03-21 18:38:42 TRACE UserController:201 - Going to student profile: lil  jabari
2023-03-21 18:38:44 TRACE UserController:71 - Go to add tuition class page
2023-03-21 18:38:45 TRACE UserController:214 - Adding tuition: Mathematics to student: lil 
2023-03-21 18:38:45 TRACE UserController:217 - Hence, adding 500 to Parent: Hannan Abdul Hamid
2023-03-21 18:38:45 TRACE UserController:201 - Going to student profile: lil  jabari
2023-03-21 18:38:51 TRACE UserController:201 - Going to student profile: lil  jabari
2023-03-21 18:38:52 TRACE UserController:71 - Go to add tuition class page
2023-03-21 18:38:54 TRACE UserController:214 - Adding tuition: English to student: lil 
2023-03-21 18:38:54 TRACE UserController:217 - Hence, adding 350 to Parent: Hannan Abdul Hamid
2023-03-21 18:38:54 TRACE UserController:201 - Going to student profile: lil  jabari
2023-03-21 18:38:59 TRACE UserController:201 - Going to student profile: lil  jabari
2023-03-21 18:39:00 TRACE UserController:226 - Going to profile of: lil  jabari
2023-03-21 18:39:04 TRACE UserController:53 - Go to login page
2023-03-21 18:39:09 TRACE UserController:122 - logging in to admin
2023-03-21 18:40:02 TRACE UserController:144 - Class created: Comp Science
2023-03-21 18:40:18 TRACE UserController:159 - Grade created: lil jon for: Mathematics
2023-03-21 18:40:25 TRACE UserController:159 - Grade created: lil jon for: Mathematics
2023-03-21 18:40:26 TRACE UserController:53 - Go to login page
2023-03-21 18:40:40 TRACE UserController:126 - logging in to: Hannan Abdul Hamid
2023-03-21 18:40:44 TRACE UserController:53 - Go to login page
2023-03-21 18:40:48 TRACE UserController:122 - logging in to admin
2023-03-21 18:41:08 TRACE UserController:159 - Grade created: lil  jabari for: Mathematics
2023-03-21 18:41:14 TRACE UserController:159 - Grade created: lil  jabari for: Mathematics
2023-03-21 18:41:15 TRACE UserController:53 - Go to login page
2023-03-21 18:41:19 TRACE UserController:126 - logging in to: Hannan Abdul Hamid
2023-03-21 18:41:20 TRACE UserController:201 - Going to student profile: lil  jabari
2023-03-21 18:41:22 TRACE UserController:226 - Going to profile of: lil  jabari
2023-03-21 18:41:26 TRACE UserController:201 - Going to student profile: lil  jabari
2023-03-21 18:41:27 TRACE UserController:71 - Go to add tuition class page
2023-03-21 18:41:31 TRACE UserController:214 - Adding tuition: Comp Science to student: lil 
2023-03-21 18:41:31 TRACE UserController:217 - Hence, adding 1000 to Parent: Hannan Abdul Hamid
2023-03-21 18:41:31 TRACE UserController:201 - Going to student profile: lil  jabari
2023-03-21 18:41:35 ERROR UserController:295 - Still have students under you!
2023-03-21 18:41:38 TRACE UserController:201 - Going to student profile: lil  jabari
2023-03-21 18:41:40 TRACE UserController:256 - removing student: lil 
2023-03-21 18:41:43 ERROR UserController:288 - Still owe money!
2023-03-21 18:41:47 TRACE UserController:168 - Going to pay bills page
2023-03-21 18:41:50 TRACE UserController:178 - Paying bills for Hannan Abdul Hamid amount for: 1850
2023-03-21 18:41:53 TRACE UserController:283 - User removed, see you next time!
2023-03-21 18:41:53 TRACE UserController:53 - Go to login page
2023-03-21 18:41:54 ERROR UserController:136 - Failed login!
2023-03-23 12:10:23 INFO  TuitionProjectSpringApplication:51 - Starting TuitionProjectSpringApplication using Java 17.0.5 with PID 8762 (/Users/adamhardy/Downloads/TuitionProjectSpring/target/classes started by adamhardy in /Users/adamhardy/Downloads/TuitionProjectSpring)
2023-03-23 12:10:23 DEBUG TuitionProjectSpringApplication:52 - Running with Spring Boot v3.0.4, Spring v6.0.6
2023-03-23 12:10:23 INFO  TuitionProjectSpringApplication:632 - No active profile set, falling back to 1 default profile: "default"
2023-03-23 12:10:26 INFO  TuitionProjectSpringApplication:57 - Started TuitionProjectSpringApplication in 2.392 seconds (process running for 3.053)
2023-03-23 12:10:34 TRACE UserController:41 - Go to home page
2023-03-23 12:10:34 TRACE UserController:41 - Go to home page
2023-03-23 12:10:34 TRACE UserController:53 - Go to login page
2023-03-23 12:10:57 TRACE UserController:47 - Go to registration page
2023-03-23 12:10:57 TRACE UserController:53 - Go to login page
2023-03-23 12:11:13 TRACE UserController:91 - transaction saved : Hannan Abdul Hamid is an official member now
2023-03-23 12:11:14 TRACE UserController:53 - Go to login page
2023-03-23 12:11:14 TRACE UserController:53 - Go to login page
2023-03-23 12:11:32 TRACE UserController:124 - logging in to: Hannan Abdul Hamid
2023-03-23 12:11:48 TRACE UserController:60 - Go to add student page
2023-03-23 12:12:01 TRACE UserController:81 - Student: John Doe will be added to Hannan Abdul Hamid's account
2023-03-23 12:12:01 TRACE UserController:83 - transaction saved
2023-03-23 12:12:07 TRACE UserController:60 - Go to add student page
2023-03-23 12:12:11 TRACE UserController:81 - Student: Jane Doe will be added to Hannan Abdul Hamid's account
2023-03-23 12:12:11 TRACE UserController:83 - transaction saved
2023-03-23 12:12:19 TRACE UserController:199 - Going to student profile: John Doe
2023-03-23 12:12:23 TRACE UserController:71 - Go to add tuition class page
2023-03-23 12:12:33 TRACE UserController:53 - Go to login page
2023-03-23 12:12:36 TRACE UserController:41 - Go to home page
2023-03-23 12:12:38 TRACE UserController:47 - Go to registration page
2023-03-23 12:12:57 TRACE UserController:91 - transaction saved : Admin Admin is an official member now
2023-03-23 12:12:57 TRACE UserController:53 - Go to login page
2023-03-23 12:13:08 TRACE UserController:120 - logging in to admin
2023-03-23 12:13:52 TRACE UserController:142 - Class created: English
2023-03-23 12:14:07 TRACE UserController:142 - Class created: Mathematics
2023-03-23 12:14:18 TRACE UserController:142 - Class created: Science
2023-03-23 12:14:19 TRACE UserController:53 - Go to login page
2023-03-23 12:14:27 TRACE UserController:124 - logging in to: Hannan Abdul Hamid
2023-03-23 12:14:30 TRACE UserController:199 - Going to student profile: John Doe
2023-03-23 12:14:33 TRACE UserController:71 - Go to add tuition class page
2023-03-23 12:14:35 TRACE UserController:212 - Adding tuition: English to student: John
2023-03-23 12:14:35 TRACE UserController:215 - Hence, adding 300 to Parent: Hannan Abdul Hamid
2023-03-23 12:14:35 TRACE UserController:199 - Going to student profile: John Doe
2023-03-23 12:14:39 TRACE UserController:71 - Go to add tuition class page
2023-03-23 12:14:41 TRACE UserController:212 - Adding tuition: Science to student: John
2023-03-23 12:14:41 TRACE UserController:215 - Hence, adding 350 to Parent: Hannan Abdul Hamid
2023-03-23 12:14:41 TRACE UserController:199 - Going to student profile: John Doe
2023-03-23 12:14:46 TRACE UserController:199 - Going to student profile: Jane Doe
2023-03-23 12:14:48 TRACE UserController:71 - Go to add tuition class page
2023-03-23 12:14:50 TRACE UserController:212 - Adding tuition: Mathematics to student: Jane
2023-03-23 12:14:50 TRACE UserController:215 - Hence, adding 350 to Parent: Hannan Abdul Hamid
2023-03-23 12:14:50 TRACE UserController:199 - Going to student profile: Jane Doe
2023-03-23 12:14:53 TRACE UserController:71 - Go to add tuition class page
2023-03-23 12:14:55 TRACE UserController:212 - Adding tuition: Science to student: Jane
2023-03-23 12:14:55 TRACE UserController:215 - Hence, adding 350 to Parent: Hannan Abdul Hamid
2023-03-23 12:14:55 TRACE UserController:199 - Going to student profile: Jane Doe
2023-03-23 12:14:57 TRACE UserController:224 - Going to profile of: Jane Doe
2023-03-23 12:14:59 TRACE UserController:199 - Going to student profile: Jane Doe
2023-03-23 12:15:14 TRACE UserController:53 - Go to login page
2023-03-23 12:15:19 TRACE UserController:120 - logging in to admin
2023-03-23 12:15:48 TRACE UserController:157 - Grade created: John Doe for: English
2023-03-23 12:15:54 TRACE UserController:157 - Grade created: John Doe for: English
2023-03-23 12:15:59 TRACE UserController:157 - Grade created: John Doe for: English
2023-03-23 12:16:08 TRACE UserController:157 - Grade created: John Doe for: Science
2023-03-23 12:16:13 TRACE UserController:157 - Grade created: John Doe for: Science
2023-03-23 12:16:16 TRACE UserController:53 - Go to login page
2023-03-23 12:16:21 TRACE UserController:124 - logging in to: Hannan Abdul Hamid
2023-03-23 12:16:23 TRACE UserController:199 - Going to student profile: John Doe
2023-03-23 12:16:24 TRACE UserController:224 - Going to profile of: John Doe
2023-03-23 12:16:28 TRACE UserController:199 - Going to student profile: John Doe
2023-03-23 12:16:29 TRACE UserController:224 - Going to profile of: John Doe
2023-03-23 12:16:31 TRACE UserController:199 - Going to student profile: John Doe
2023-03-23 12:16:35 TRACE UserController:199 - Going to student profile: Jane Doe
2023-03-23 12:16:36 TRACE UserController:224 - Going to profile of: Jane Doe
2023-03-23 12:16:37 TRACE UserController:199 - Going to student profile: Jane Doe
2023-03-23 12:16:46 ERROR UserController:290 - Still have students under you!
2023-03-23 12:16:52 TRACE UserController:199 - Going to student profile: John Doe
2023-03-23 12:16:56 TRACE UserController:254 - removing student: John
2023-03-23 12:17:00 TRACE UserController:199 - Going to student profile: Jane Doe
2023-03-23 12:17:01 TRACE UserController:254 - removing student: Jane
2023-03-23 12:17:04 ERROR UserController:285 - Still owe money!
2023-03-23 12:17:06 TRACE UserController:166 - Going to pay bills page
2023-03-23 12:17:11 TRACE UserController:176 - Paying bills for Hannan Abdul Hamid amount for: 1000
2023-03-23 12:17:12 ERROR UserController:285 - Still owe money!
2023-03-23 12:17:13 TRACE UserController:166 - Going to pay bills page
2023-03-23 12:17:17 TRACE UserController:176 - Paying bills for Hannan Abdul Hamid amount for: 350
2023-03-23 12:17:20 TRACE UserController:281 - User removed, see you next time!
2023-03-23 12:17:20 TRACE UserController:53 - Go to login page
2023-03-23 12:17:25 ERROR UserController:134 - Failed login!
2023-03-23 13:56:07 INFO  TuitionProjectSpringApplication:51 - Starting TuitionProjectSpringApplication using Java 17.0.5 with PID 10750 (/Users/adamhardy/Downloads/TuitionProjectSpring/target/classes started by adamhardy in /Users/adamhardy/Downloads/TuitionProjectSpring)
2023-03-23 13:56:07 DEBUG TuitionProjectSpringApplication:52 - Running with Spring Boot v3.0.4, Spring v6.0.6
2023-03-23 13:56:07 INFO  TuitionProjectSpringApplication:632 - No active profile set, falling back to 1 default profile: "default"
2023-03-23 13:56:09 INFO  TuitionProjectSpringApplication:57 - Started TuitionProjectSpringApplication in 2.386 seconds (process running for 3.01)
2023-03-23 13:56:16 TRACE UserController:41 - Go to home page
2023-03-23 13:56:16 TRACE UserController:41 - Go to home page
2023-03-23 13:56:26 TRACE UserController:47 - Go to registration page
2023-03-23 13:56:39 TRACE UserController:91 - transaction saved : Hannan Abdul Hamid is an official member now
2023-03-23 13:56:39 TRACE UserController:53 - Go to login page
2023-03-23 13:57:03 TRACE UserController:124 - logging in to: Hannan Abdul Hamid
2023-03-23 13:57:13 TRACE UserController:60 - Go to add student page
2023-03-23 13:57:19 TRACE UserController:81 - Student: lil jon will be added to Hannan Abdul Hamid's account
2023-03-23 13:57:19 TRACE UserController:83 - transaction saved
2023-03-23 13:57:23 TRACE UserController:60 - Go to add student page
2023-03-23 13:57:28 TRACE UserController:81 - Student: john doe will be added to Hannan Abdul Hamid's account
2023-03-23 13:57:28 TRACE UserController:83 - transaction saved
2023-03-23 13:57:51 TRACE UserController:199 - Going to student profile: lil jon
2023-03-23 13:57:55 TRACE UserController:71 - Go to add tuition class page
2023-03-23 13:58:00 TRACE UserController:199 - Going to student profile: lil jon
2023-03-23 13:58:03 TRACE UserController:53 - Go to login page
2023-03-23 13:58:05 TRACE UserController:41 - Go to home page
2023-03-23 13:58:07 TRACE UserController:47 - Go to registration page
2023-03-23 13:58:18 TRACE UserController:91 - transaction saved : admin admin is an official member now
2023-03-23 13:58:18 TRACE UserController:53 - Go to login page
2023-03-23 13:58:25 TRACE UserController:120 - logging in to admin
2023-03-23 13:58:39 TRACE UserController:142 - Class created: Mathematics
2023-03-23 13:58:47 TRACE UserController:142 - Class created: English
2023-03-23 13:58:57 TRACE UserController:142 - Class created: Science
2023-03-23 13:58:58 TRACE UserController:53 - Go to login page
2023-03-23 13:59:02 TRACE UserController:124 - logging in to: Hannan Abdul Hamid
2023-03-23 13:59:04 TRACE UserController:199 - Going to student profile: lil jon
2023-03-23 13:59:07 TRACE UserController:71 - Go to add tuition class page
2023-03-23 13:59:12 TRACE UserController:212 - Adding tuition: Mathematics to student: lil
2023-03-23 13:59:12 TRACE UserController:215 - Hence, adding 400 to Parent: Hannan Abdul Hamid
2023-03-23 13:59:12 TRACE UserController:199 - Going to student profile: lil jon
2023-03-23 13:59:13 TRACE UserController:71 - Go to add tuition class page
2023-03-23 13:59:16 TRACE UserController:212 - Adding tuition: Science to student: lil
2023-03-23 13:59:16 TRACE UserController:215 - Hence, adding 400 to Parent: Hannan Abdul Hamid
2023-03-23 13:59:16 TRACE UserController:199 - Going to student profile: lil jon
2023-03-23 13:59:20 TRACE UserController:224 - Going to profile of: lil jon
2023-03-23 13:59:33 TRACE UserController:199 - Going to student profile: lil jon
2023-03-23 13:59:40 TRACE UserController:199 - Going to student profile: john doe
2023-03-23 13:59:42 TRACE UserController:71 - Go to add tuition class page
2023-03-23 13:59:43 TRACE UserController:212 - Adding tuition: English to student: john
2023-03-23 13:59:43 TRACE UserController:215 - Hence, adding 300 to Parent: Hannan Abdul Hamid
2023-03-23 13:59:43 TRACE UserController:199 - Going to student profile: john doe
2023-03-23 13:59:50 TRACE UserController:53 - Go to login page
2023-03-23 13:59:56 TRACE UserController:120 - logging in to admin
2023-03-23 14:00:30 TRACE UserController:157 - Grade created: lil jon for: Mathematics
2023-03-23 14:00:35 TRACE UserController:157 - Grade created: lil jon for: Mathematics
2023-03-23 14:00:40 TRACE UserController:157 - Grade created: lil jon for: Mathematics
2023-03-23 14:00:47 TRACE UserController:157 - Grade created: lil jon for: Science
2023-03-23 14:00:52 TRACE UserController:157 - Grade created: lil jon for: Science
2023-03-23 14:00:54 TRACE UserController:53 - Go to login page
2023-03-23 14:00:58 TRACE UserController:124 - logging in to: Hannan Abdul Hamid
2023-03-23 14:01:00 TRACE UserController:199 - Going to student profile: lil jon
2023-03-23 14:01:02 TRACE UserController:224 - Going to profile of: lil jon
2023-03-23 14:01:07 TRACE UserController:199 - Going to student profile: lil jon
2023-03-23 14:01:10 TRACE UserController:224 - Going to profile of: lil jon
2023-03-23 14:01:14 TRACE UserController:199 - Going to student profile: lil jon
2023-03-23 14:01:22 ERROR UserController:290 - Still have students under you!
2023-03-23 14:01:30 TRACE UserController:199 - Going to student profile: lil jon
2023-03-23 14:01:32 TRACE UserController:254 - removing student: lil
2023-03-23 14:01:34 TRACE UserController:199 - Going to student profile: john doe
2023-03-23 14:01:35 TRACE UserController:254 - removing student: john
2023-03-23 14:01:37 ERROR UserController:285 - Still owe money!
2023-03-23 14:01:39 TRACE UserController:166 - Going to pay bills page
2023-03-23 14:01:42 TRACE UserController:176 - Paying bills for Hannan Abdul Hamid amount for: 1100
2023-03-23 14:01:44 TRACE UserController:281 - User removed, see you next time!
2023-03-23 14:01:44 TRACE UserController:53 - Go to login page
2023-03-23 14:01:51 ERROR UserController:134 - Failed login!
2023-03-23 16:47:03 INFO  TuitionProjectSpringApplication:51 - Starting TuitionProjectSpringApplication using Java 17.0.5 with PID 13511 (/Users/adamhardy/Downloads/TuitionProjectSpring/target/classes started by adamhardy in /Users/adamhardy/Downloads/TuitionProjectSpring)
2023-03-23 16:47:03 DEBUG TuitionProjectSpringApplication:52 - Running with Spring Boot v3.0.4, Spring v6.0.6
2023-03-23 16:47:03 INFO  TuitionProjectSpringApplication:632 - No active profile set, falling back to 1 default profile: "default"
2023-03-23 16:47:05 INFO  TuitionProjectSpringApplication:57 - Started TuitionProjectSpringApplication in 2.342 seconds (process running for 3.005)
2023-03-23 16:48:24 INFO  TuitionProjectSpringApplication:51 - Starting TuitionProjectSpringApplication using Java 17.0.5 with PID 13572 (/Users/adamhardy/Downloads/TuitionProjectSpring/target/classes started by adamhardy in /Users/adamhardy/Downloads/TuitionProjectSpring)
2023-03-23 16:48:24 DEBUG TuitionProjectSpringApplication:52 - Running with Spring Boot v3.0.4, Spring v6.0.6
2023-03-23 16:48:24 INFO  TuitionProjectSpringApplication:632 - No active profile set, falling back to 1 default profile: "default"
2023-03-23 16:48:26 INFO  TuitionProjectSpringApplication:57 - Started TuitionProjectSpringApplication in 2.292 seconds (process running for 2.724)
2023-03-24 13:47:29 INFO  TuitionProjectSpringApplication:51 - Starting TuitionProjectSpringApplication using Java 17.0.5 with PID 27600 (/Users/adamhardy/Downloads/TuitionProjectSpring/target/classes started by adamhardy in /Users/adamhardy/Downloads/TuitionProjectSpring)
2023-03-24 13:47:29 DEBUG TuitionProjectSpringApplication:52 - Running with Spring Boot v3.0.4, Spring v6.0.6
2023-03-24 13:47:29 INFO  TuitionProjectSpringApplication:632 - No active profile set, falling back to 1 default profile: "default"
2023-03-24 13:47:31 INFO  TuitionProjectSpringApplication:57 - Started TuitionProjectSpringApplication in 2.226 seconds (process running for 2.881)
2023-03-24 13:47:40 TRACE UserController:41 - Go to home page
2023-03-24 13:48:33 INFO  TuitionProjectSpringApplication:51 - Starting TuitionProjectSpringApplication using Java 17.0.5 with PID 27619 (/Users/adamhardy/Downloads/TuitionProjectSpring/target/classes started by adamhardy in /Users/adamhardy/Downloads/TuitionProjectSpring)
2023-03-24 13:48:33 DEBUG TuitionProjectSpringApplication:52 - Running with Spring Boot v3.0.4, Spring v6.0.6
2023-03-24 13:48:33 INFO  TuitionProjectSpringApplication:632 - No active profile set, falling back to 1 default profile: "default"
2023-03-24 13:48:35 INFO  TuitionProjectSpringApplication:57 - Started TuitionProjectSpringApplication in 2.254 seconds (process running for 2.674)
2023-03-24 14:18:30 INFO  TuitionProjectSpringApplication:51 - Starting TuitionProjectSpringApplication using Java 17.0.5 with PID 28058 (/Users/adamhardy/Downloads/TuitionProjectSpring/target/classes started by adamhardy in /Users/adamhardy/Downloads/TuitionProjectSpring)
2023-03-24 14:18:30 DEBUG TuitionProjectSpringApplication:52 - Running with Spring Boot v3.0.4, Spring v6.0.6
2023-03-24 14:18:30 INFO  TuitionProjectSpringApplication:632 - No active profile set, falling back to 1 default profile: "default"
2023-03-24 14:18:33 INFO  TuitionProjectSpringApplication:57 - Started TuitionProjectSpringApplication in 2.974 seconds (process running for 3.677)
2023-03-24 14:18:34 TRACE UserController:41 - Go to home page
2023-03-24 14:18:37 TRACE UserController:47 - Go to registration page
2023-03-24 14:18:45 TRACE UserController:91 - transaction saved : test test is an official member now
2023-03-24 14:18:45 TRACE UserController:53 - Go to login page
2023-03-24 14:18:49 TRACE UserController:124 - logging in to: test test
2023-03-24 14:18:53 TRACE UserController:53 - Go to login page
2023-03-24 14:30:17 INFO  TuitionProjectSpringApplication:51 - Starting TuitionProjectSpringApplication using Java 17.0.5 with PID 28243 (/Users/adamhardy/Downloads/TuitionProjectSpring/target/classes started by adamhardy in /Users/adamhardy/Downloads/TuitionProjectSpring)
2023-03-24 14:30:17 DEBUG TuitionProjectSpringApplication:52 - Running with Spring Boot v3.0.4, Spring v6.0.6
2023-03-24 14:30:17 INFO  TuitionProjectSpringApplication:632 - No active profile set, falling back to 1 default profile: "default"
2023-03-24 14:30:19 INFO  TuitionProjectSpringApplication:57 - Started TuitionProjectSpringApplication in 2.495 seconds (process running for 3.205)
2023-03-24 14:31:09 INFO  TuitionProjectSpringApplication:51 - Starting TuitionProjectSpringApplication using Java 17.0.5 with PID 28251 (/Users/adamhardy/Downloads/TuitionProjectSpring/target/classes started by adamhardy in /Users/adamhardy/Downloads/TuitionProjectSpring)
2023-03-24 14:31:09 DEBUG TuitionProjectSpringApplication:52 - Running with Spring Boot v3.0.4, Spring v6.0.6
2023-03-24 14:31:09 INFO  TuitionProjectSpringApplication:632 - No active profile set, falling back to 1 default profile: "default"
2023-03-24 14:31:12 INFO  TuitionProjectSpringApplication:57 - Started TuitionProjectSpringApplication in 2.568 seconds (process running for 3.013)
2023-03-24 14:31:25 TRACE UserController:41 - Go to home page
2023-03-24 14:31:31 TRACE UserController:47 - Go to registration page
2023-03-24 14:31:44 TRACE UserController:91 - transaction saved : test test is an official member now
2023-03-24 14:31:44 TRACE UserController:53 - Go to login page
2023-03-24 14:31:58 TRACE UserController:124 - logging in to: test test
2023-03-24 14:32:07 TRACE UserController:60 - Go to add student page
2023-03-24 14:32:16 TRACE UserController:81 - Student: testchild testchild will be added to test test's account
2023-03-24 14:32:16 TRACE UserController:83 - transaction saved
2023-03-24 14:32:26 TRACE UserController:199 - Going to student profile: testchild testchild
2023-03-24 14:32:39 TRACE UserController:71 - Go to add tuition class page
2023-03-24 14:32:53 TRACE UserController:53 - Go to login page
2023-03-24 14:32:55 TRACE UserController:41 - Go to home page
2023-03-24 14:32:56 TRACE UserController:47 - Go to registration page
2023-03-24 14:33:08 TRACE UserController:91 - transaction saved : testadmin testadmin is an official member now
2023-03-24 14:33:08 TRACE UserController:53 - Go to login page
2023-03-24 14:33:17 TRACE UserController:120 - logging in to admin
2023-03-24 14:33:32 TRACE UserController:142 - Class created: English
2023-03-24 14:33:40 TRACE UserController:142 - Class created: Mathematics
2023-03-24 14:33:50 TRACE UserController:142 - Class created: Science
2023-03-24 14:33:51 TRACE UserController:53 - Go to login page
2023-03-24 14:33:56 TRACE UserController:124 - logging in to: test test
2023-03-24 14:34:00 TRACE UserController:199 - Going to student profile: testchild testchild
2023-03-24 14:34:03 TRACE UserController:71 - Go to add tuition class page
2023-03-24 14:34:16 TRACE UserController:212 - Adding tuition: English to student: testchild
2023-03-24 14:34:16 TRACE UserController:215 - Hence, adding 400 to Parent: test test
2023-03-24 14:34:16 TRACE UserController:199 - Going to student profile: testchild testchild
2023-03-24 14:34:20 TRACE UserController:199 - Going to student profile: testchild testchild
2023-03-24 14:34:22 TRACE UserController:71 - Go to add tuition class page
2023-03-24 14:34:24 TRACE UserController:212 - Adding tuition: Mathematics to student: testchild
2023-03-24 14:34:24 TRACE UserController:215 - Hence, adding 400 to Parent: test test
2023-03-24 14:34:24 TRACE UserController:199 - Going to student profile: testchild testchild
2023-03-24 14:34:26 TRACE UserController:224 - Going to profile of: testchild testchild
2023-03-24 14:34:29 TRACE UserController:199 - Going to student profile: testchild testchild
2023-03-24 14:34:33 TRACE UserController:199 - Going to student profile: testchild testchild
2023-03-24 14:34:36 TRACE UserController:224 - Going to profile of: testchild testchild
2023-03-24 14:34:50 TRACE UserController:53 - Go to login page
2023-03-24 14:34:54 TRACE UserController:120 - logging in to admin
2023-03-24 14:35:32 TRACE UserController:157 - Grade created: testchild testchild for: English
2023-03-24 14:35:37 TRACE UserController:157 - Grade created: testchild testchild for: English
2023-03-24 14:35:38 TRACE UserController:53 - Go to login page
2023-03-24 14:35:42 TRACE UserController:124 - logging in to: test test
2023-03-24 14:35:43 TRACE UserController:199 - Going to student profile: testchild testchild
2023-03-24 14:35:45 TRACE UserController:224 - Going to profile of: testchild testchild
2023-03-24 14:35:50 TRACE UserController:199 - Going to student profile: testchild testchild
2023-03-24 14:36:06 ERROR UserController:290 - Still have students under you!
2023-03-24 14:36:10 TRACE UserController:199 - Going to student profile: testchild testchild
2023-03-24 14:36:11 TRACE UserController:254 - removing student: testchild
2023-03-24 14:36:13 ERROR UserController:285 - Still owe money!
2023-03-24 14:36:15 TRACE UserController:166 - Going to pay bills page
2023-03-24 14:36:18 TRACE UserController:176 - Paying bills for test test amount for: 800
2023-03-24 14:36:20 TRACE UserController:281 - User removed, see you next time!
2023-03-24 14:36:20 TRACE UserController:53 - Go to login page
2023-03-24 14:36:28 ERROR UserController:134 - Failed login!
2023-04-26 16:44:33 INFO  GradeTest:51 - Starting GradeTest using Java 17.0.5 with PID 50582 (started by adamhardy in /Users/adamhardy/Downloads/TuitionProjectSpring)
2023-04-26 16:44:33 DEBUG GradeTest:52 - Running with Spring Boot v3.0.4, Spring v6.0.6
2023-04-26 16:44:33 INFO  GradeTest:632 - No active profile set, falling back to 1 default profile: "default"
2023-04-26 16:44:36 INFO  UserServiceTest:51 - Starting UserServiceTest using Java 17.0.5 with PID 50582 (started by adamhardy in /Users/adamhardy/Downloads/TuitionProjectSpring)
2023-04-26 16:44:36 DEBUG UserServiceTest:52 - Running with Spring Boot v3.0.4, Spring v6.0.6
2023-04-26 16:44:36 INFO  UserServiceTest:632 - No active profile set, falling back to 1 default profile: "default"
2023-04-26 16:46:33 INFO  GradeTest:51 - Starting GradeTest using Java 17.0.5 with PID 50602 (started by adamhardy in /Users/adamhardy/Downloads/TuitionProjectSpring)
2023-04-26 16:46:33 DEBUG GradeTest:52 - Running with Spring Boot v3.0.4, Spring v6.0.6
2023-04-26 16:46:33 INFO  GradeTest:632 - No active profile set, falling back to 1 default profile: "default"
2023-04-26 16:46:35 INFO  GradeTest:57 - Started GradeTest in 2.025 seconds (process running for 2.811)
2023-04-26 16:46:35 INFO  UserServiceTest:51 - Starting UserServiceTest using Java 17.0.5 with PID 50602 (started by adamhardy in /Users/adamhardy/Downloads/TuitionProjectSpring)
2023-04-26 16:46:35 DEBUG UserServiceTest:52 - Running with Spring Boot v3.0.4, Spring v6.0.6
2023-04-26 16:46:35 INFO  UserServiceTest:632 - No active profile set, falling back to 1 default profile: "default"
2023-04-26 16:46:36 INFO  UserServiceTest:57 - Started UserServiceTest in 1.039 seconds (process running for 3.872)
2023-04-26 16:57:12 INFO  UserServiceTest:51 - Starting UserServiceTest using Java 17.0.5 with PID 50787 (started by adamhardy in /Users/adamhardy/Downloads/TuitionProjectSpring)
2023-04-26 16:57:12 DEBUG UserServiceTest:52 - Running with Spring Boot v3.0.4, Spring v6.0.6
2023-04-26 16:57:12 INFO  UserServiceTest:632 - No active profile set, falling back to 1 default profile: "default"
2023-04-26 16:57:14 INFO  UserServiceTest:57 - Started UserServiceTest in 2.559 seconds (process running for 3.293)
2023-04-26 17:02:24 INFO  UserServiceTest:51 - Starting UserServiceTest using Java 17.0.5 with PID 50808 (started by adamhardy in /Users/adamhardy/Downloads/TuitionProjectSpring)
2023-04-26 17:02:24 DEBUG UserServiceTest:52 - Running with Spring Boot v3.0.4, Spring v6.0.6
2023-04-26 17:02:24 INFO  UserServiceTest:632 - No active profile set, falling back to 1 default profile: "default"
2023-04-26 17:02:26 INFO  UserServiceTest:57 - Started UserServiceTest in 2.583 seconds (process running for 3.488)
2023-04-26 17:04:33 INFO  UserServiceTest:51 - Starting UserServiceTest using Java 17.0.5 with PID 50819 (started by adamhardy in /Users/adamhardy/Downloads/TuitionProjectSpring)
2023-04-26 17:04:33 DEBUG UserServiceTest:52 - Running with Spring Boot v3.0.4, Spring v6.0.6
2023-04-26 17:04:33 INFO  UserServiceTest:632 - No active profile set, falling back to 1 default profile: "default"
2023-04-26 17:04:35 INFO  UserServiceTest:57 - Started UserServiceTest in 2.513 seconds (process running for 3.356)
2023-04-26 17:06:41 INFO  UserServiceTest:51 - Starting UserServiceTest using Java 17.0.5 with PID 50840 (started by adamhardy in /Users/adamhardy/Downloads/TuitionProjectSpring)
2023-04-26 17:06:41 DEBUG UserServiceTest:52 - Running with Spring Boot v3.0.4, Spring v6.0.6
2023-04-26 17:06:41 INFO  UserServiceTest:632 - No active profile set, falling back to 1 default profile: "default"
2023-04-26 17:06:43 INFO  UserServiceTest:57 - Started UserServiceTest in 2.406 seconds (process running for 3.279)
2023-04-26 17:10:31 INFO  UserServiceTest:51 - Starting UserServiceTest using Java 17.0.5 with PID 50862 (started by adamhardy in /Users/adamhardy/Downloads/TuitionProjectSpring)
2023-04-26 17:10:31 DEBUG UserServiceTest:52 - Running with Spring Boot v3.0.4, Spring v6.0.6
2023-04-26 17:10:31 INFO  UserServiceTest:632 - No active profile set, falling back to 1 default profile: "default"
2023-04-26 17:10:34 INFO  UserServiceTest:57 - Started UserServiceTest in 2.422 seconds (process running for 3.248)
2023-04-26 17:17:24 INFO  UserServiceTest:51 - Starting UserServiceTest using Java 17.0.5 with PID 50907 (started by adamhardy in /Users/adamhardy/Downloads/TuitionProjectSpring)
2023-04-26 17:17:24 DEBUG UserServiceTest:52 - Running with Spring Boot v3.0.4, Spring v6.0.6
2023-04-26 17:17:24 INFO  UserServiceTest:632 - No active profile set, falling back to 1 default profile: "default"
2023-04-26 17:17:26 INFO  UserServiceTest:57 - Started UserServiceTest in 2.417 seconds (process running for 3.299)
2023-04-26 17:22:16 INFO  UserServiceTest:51 - Starting UserServiceTest using Java 17.0.5 with PID 50959 (started by adamhardy in /Users/adamhardy/Downloads/TuitionProjectSpring)
2023-04-26 17:22:16 DEBUG UserServiceTest:52 - Running with Spring Boot v3.0.4, Spring v6.0.6
2023-04-26 17:22:16 INFO  UserServiceTest:632 - No active profile set, falling back to 1 default profile: "default"
2023-04-26 17:22:19 INFO  UserServiceTest:57 - Started UserServiceTest in 2.413 seconds (process running for 3.269)
2023-04-26 17:32:26 INFO  UserServiceTest:51 - Starting UserServiceTest using Java 17.0.5 with PID 51122 (started by adamhardy in /Users/adamhardy/Downloads/TuitionProjectSpring)
2023-04-26 17:32:26 DEBUG UserServiceTest:52 - Running with Spring Boot v3.0.4, Spring v6.0.6
2023-04-26 17:32:26 INFO  UserServiceTest:632 - No active profile set, falling back to 1 default profile: "default"
2023-04-26 17:32:29 INFO  UserServiceTest:57 - Started UserServiceTest in 2.537 seconds (process running for 3.282)
2023-04-26 17:36:17 INFO  UserServiceTest:51 - Starting UserServiceTest using Java 17.0.5 with PID 51166 (started by adamhardy in /Users/adamhardy/Downloads/TuitionProjectSpring)
2023-04-26 17:36:17 DEBUG UserServiceTest:52 - Running with Spring Boot v3.0.4, Spring v6.0.6
2023-04-26 17:36:17 INFO  UserServiceTest:632 - No active profile set, falling back to 1 default profile: "default"
2023-04-26 17:36:20 INFO  UserServiceTest:57 - Started UserServiceTest in 2.677 seconds (process running for 3.483)
2023-04-26 17:37:16 INFO  UserServiceTest:51 - Starting UserServiceTest using Java 17.0.5 with PID 51171 (started by adamhardy in /Users/adamhardy/Downloads/TuitionProjectSpring)
2023-04-26 17:37:16 DEBUG UserServiceTest:52 - Running with Spring Boot v3.0.4, Spring v6.0.6
2023-04-26 17:37:16 INFO  UserServiceTest:632 - No active profile set, falling back to 1 default profile: "default"
2023-04-26 17:37:18 INFO  UserServiceTest:57 - Started UserServiceTest in 2.43 seconds (process running for 3.124)
2023-04-26 17:38:18 INFO  UserServiceTest:51 - Starting UserServiceTest using Java 17.0.5 with PID 51177 (started by adamhardy in /Users/adamhardy/Downloads/TuitionProjectSpring)
2023-04-26 17:38:18 DEBUG UserServiceTest:52 - Running with Spring Boot v3.0.4, Spring v6.0.6
2023-04-26 17:38:18 INFO  UserServiceTest:632 - No active profile set, falling back to 1 default profile: "default"
2023-04-26 17:38:20 INFO  UserServiceTest:57 - Started UserServiceTest in 2.397 seconds (process running for 3.32)
2023-04-26 19:00:43 INFO  UserControllerTest:51 - Starting UserControllerTest using Java 17.0.5 with PID 51920 (started by adamhardy in /Users/adamhardy/Downloads/TuitionProjectSpring)
2023-04-26 19:00:43 DEBUG UserControllerTest:52 - Running with Spring Boot v3.0.4, Spring v6.0.6
2023-04-26 19:00:43 INFO  UserControllerTest:632 - No active profile set, falling back to 1 default profile: "default"
2023-04-26 19:00:43 INFO  UserServiceTest:51 - Starting UserServiceTest using Java 17.0.5 with PID 51920 (started by adamhardy in /Users/adamhardy/Downloads/TuitionProjectSpring)
2023-04-26 19:00:43 DEBUG UserServiceTest:52 - Running with Spring Boot v3.0.4, Spring v6.0.6
2023-04-26 19:00:43 INFO  UserServiceTest:632 - No active profile set, falling back to 1 default profile: "default"
2023-04-26 19:00:45 INFO  UserServiceTest:57 - Started UserServiceTest in 2.238 seconds (process running for 3.655)
2023-04-26 19:01:58 INFO  UserControllerTest:51 - Starting UserControllerTest using Java 17.0.5 with PID 52054 (started by adamhardy in /Users/adamhardy/Downloads/TuitionProjectSpring)
2023-04-26 19:01:58 DEBUG UserControllerTest:52 - Running with Spring Boot v3.0.4, Spring v6.0.6
2023-04-26 19:01:58 INFO  UserControllerTest:632 - No active profile set, falling back to 1 default profile: "default"
2023-04-26 19:01:59 INFO  UserServiceTest:51 - Starting UserServiceTest using Java 17.0.5 with PID 52054 (started by adamhardy in /Users/adamhardy/Downloads/TuitionProjectSpring)
2023-04-26 19:01:59 DEBUG UserServiceTest:52 - Running with Spring Boot v3.0.4, Spring v6.0.6
2023-04-26 19:01:59 INFO  UserServiceTest:632 - No active profile set, falling back to 1 default profile: "default"
2023-04-26 19:02:01 INFO  UserServiceTest:57 - Started UserServiceTest in 2.294 seconds (process running for 3.434)
2023-04-26 19:04:44 INFO  UserControllerTest:51 - Starting UserControllerTest using Java 17.0.5 with PID 52083 (started by adamhardy in /Users/adamhardy/Downloads/TuitionProjectSpring)
2023-04-26 19:04:44 DEBUG UserControllerTest:52 - Running with Spring Boot v3.0.4, Spring v6.0.6
2023-04-26 19:04:44 INFO  UserControllerTest:632 - No active profile set, falling back to 1 default profile: "default"
2023-04-26 19:05:56 INFO  UserControllerTest:51 - Starting UserControllerTest using Java 17.0.5 with PID 52088 (started by adamhardy in /Users/adamhardy/Downloads/TuitionProjectSpring)
2023-04-26 19:05:56 DEBUG UserControllerTest:52 - Running with Spring Boot v3.0.4, Spring v6.0.6
2023-04-26 19:05:56 INFO  UserControllerTest:632 - No active profile set, falling back to 1 default profile: "default"
2023-04-26 19:11:00 INFO  UserControllerTest:51 - Starting UserControllerTest using Java 17.0.5 with PID 52163 (started by adamhardy in /Users/adamhardy/Downloads/TuitionProjectSpring)
2023-04-26 19:11:00 DEBUG UserControllerTest:52 - Running with Spring Boot v3.0.4, Spring v6.0.6
2023-04-26 19:11:00 INFO  UserControllerTest:632 - No active profile set, falling back to 1 default profile: "default"
2023-04-26 19:11:00 INFO  UserServiceTest:51 - Starting UserServiceTest using Java 17.0.5 with PID 52163 (started by adamhardy in /Users/adamhardy/Downloads/TuitionProjectSpring)
2023-04-26 19:11:00 DEBUG UserServiceTest:52 - Running with Spring Boot v3.0.4, Spring v6.0.6
2023-04-26 19:11:00 INFO  UserServiceTest:632 - No active profile set, falling back to 1 default profile: "default"
2023-04-26 19:11:02 INFO  UserServiceTest:57 - Started UserServiceTest in 2.186 seconds (process running for 3.624)
2023-04-26 19:12:30 INFO  UserControllerTest:51 - Starting UserControllerTest using Java 17.0.5 with PID 52170 (started by adamhardy in /Users/adamhardy/Downloads/TuitionProjectSpring)
2023-04-26 19:12:30 DEBUG UserControllerTest:52 - Running with Spring Boot v3.0.4, Spring v6.0.6
2023-04-26 19:12:30 INFO  UserControllerTest:632 - No active profile set, falling back to 1 default profile: "default"
2023-04-26 19:13:27 INFO  UserControllerTest:51 - Starting UserControllerTest using Java 17.0.5 with PID 52173 (started by adamhardy in /Users/adamhardy/Downloads/TuitionProjectSpring)
2023-04-26 19:13:27 DEBUG UserControllerTest:52 - Running with Spring Boot v3.0.4, Spring v6.0.6
2023-04-26 19:13:27 INFO  UserControllerTest:632 - No active profile set, falling back to 1 default profile: "default"
2023-04-26 19:14:36 INFO  UserControllerTest:51 - Starting UserControllerTest using Java 17.0.5 with PID 52187 (started by adamhardy in /Users/adamhardy/Downloads/TuitionProjectSpring)
2023-04-26 19:14:36 DEBUG UserControllerTest:52 - Running with Spring Boot v3.0.4, Spring v6.0.6
2023-04-26 19:14:36 INFO  UserControllerTest:632 - No active profile set, falling back to 1 default profile: "default"
2023-04-26 19:14:37 INFO  UserControllerTest:57 - Started UserControllerTest in 1.234 seconds (process running for 1.889)
2023-04-26 19:17:39 INFO  UserControllerTest:51 - Starting UserControllerTest using Java 17.0.5 with PID 52204 (started by adamhardy in /Users/adamhardy/Downloads/TuitionProjectSpring)
2023-04-26 19:17:39 DEBUG UserControllerTest:52 - Running with Spring Boot v3.0.4, Spring v6.0.6
2023-04-26 19:17:39 INFO  UserControllerTest:632 - No active profile set, falling back to 1 default profile: "default"
2023-04-26 19:21:14 INFO  UserControllerTest:51 - Starting UserControllerTest using Java 17.0.5 with PID 52225 (started by adamhardy in /Users/adamhardy/Downloads/TuitionProjectSpring)
2023-04-26 19:21:14 DEBUG UserControllerTest:52 - Running with Spring Boot v3.0.4, Spring v6.0.6
2023-04-26 19:21:14 INFO  UserControllerTest:632 - No active profile set, falling back to 1 default profile: "default"
2023-04-26 19:22:28 INFO  UserControllerTest:51 - Starting UserControllerTest using Java 17.0.5 with PID 52231 (started by adamhardy in /Users/adamhardy/Downloads/TuitionProjectSpring)
2023-04-26 19:22:28 DEBUG UserControllerTest:52 - Running with Spring Boot v3.0.4, Spring v6.0.6
2023-04-26 19:22:28 INFO  UserControllerTest:632 - No active profile set, falling back to 1 default profile: "default"
2023-04-26 19:22:29 INFO  UserControllerTest:57 - Started UserControllerTest in 1.28 seconds (process running for 1.991)
2023-04-26 19:31:01 INFO  UserControllerTest:51 - Starting UserControllerTest using Java 17.0.5 with PID 52321 (started by adamhardy in /Users/adamhardy/Downloads/TuitionProjectSpring)
2023-04-26 19:31:01 DEBUG UserControllerTest:52 - Running with Spring Boot v3.0.4, Spring v6.0.6
2023-04-26 19:31:01 INFO  UserControllerTest:632 - No active profile set, falling back to 1 default profile: "default"
2023-04-26 19:31:02 INFO  UserControllerTest:57 - Started UserControllerTest in 1.252 seconds (process running for 2.037)
2023-04-27 16:09:15 INFO  UserControllerTest:51 - Starting UserControllerTest using Java 17.0.5 with PID 59983 (started by adamhardy in /Users/adamhardy/Downloads/TuitionProjectSpring)
2023-04-27 16:09:15 DEBUG UserControllerTest:52 - Running with Spring Boot v3.0.4, Spring v6.0.6
2023-04-27 16:09:15 INFO  UserControllerTest:632 - No active profile set, falling back to 1 default profile: "default"
2023-04-27 16:09:16 INFO  UserControllerTest:57 - Started UserControllerTest in 1.472 seconds (process running for 2.48)
2023-04-27 16:09:16 INFO  UserServiceTest:51 - Starting UserServiceTest using Java 17.0.5 with PID 59983 (started by adamhardy in /Users/adamhardy/Downloads/TuitionProjectSpring)
2023-04-27 16:09:16 DEBUG UserServiceTest:52 - Running with Spring Boot v3.0.4, Spring v6.0.6
2023-04-27 16:09:16 INFO  UserServiceTest:632 - No active profile set, falling back to 1 default profile: "default"
2023-04-27 16:09:18 INFO  UserServiceTest:57 - Started UserServiceTest in 1.789 seconds (process running for 4.337)
2023-04-27 16:11:33 INFO  UserControllerTest:51 - Starting UserControllerTest using Java 17.0.5 with PID 60025 (started by adamhardy in /Users/adamhardy/Downloads/TuitionProjectSpring)
2023-04-27 16:11:33 DEBUG UserControllerTest:52 - Running with Spring Boot v3.0.4, Spring v6.0.6
2023-04-27 16:11:33 INFO  UserControllerTest:632 - No active profile set, falling back to 1 default profile: "default"
2023-04-27 16:11:34 INFO  UserControllerTest:57 - Started UserControllerTest in 1.805 seconds (process running for 2.988)
2023-04-27 16:11:34 INFO  UserServiceTest:51 - Starting UserServiceTest using Java 17.0.5 with PID 60025 (started by adamhardy in /Users/adamhardy/Downloads/TuitionProjectSpring)
2023-04-27 16:11:34 DEBUG UserServiceTest:52 - Running with Spring Boot v3.0.4, Spring v6.0.6
2023-04-27 16:11:34 INFO  UserServiceTest:632 - No active profile set, falling back to 1 default profile: "default"
2023-04-27 16:11:36 INFO  UserServiceTest:57 - Started UserServiceTest in 1.725 seconds (process running for 4.773)
2023-04-27 16:12:33 INFO  UserControllerTest:51 - Starting UserControllerTest using Java 17.0.5 with PID 60028 (started by adamhardy in /Users/adamhardy/Downloads/TuitionProjectSpring)
2023-04-27 16:12:33 DEBUG UserControllerTest:52 - Running with Spring Boot v3.0.4, Spring v6.0.6
2023-04-27 16:12:33 INFO  UserControllerTest:632 - No active profile set, falling back to 1 default profile: "default"
2023-04-27 16:12:34 INFO  UserControllerTest:57 - Started UserControllerTest in 1.443 seconds (process running for 2.392)
2023-04-27 16:12:34 INFO  UserServiceTest:51 - Starting UserServiceTest using Java 17.0.5 with PID 60028 (started by adamhardy in /Users/adamhardy/Downloads/TuitionProjectSpring)
2023-04-27 16:12:34 DEBUG UserServiceTest:52 - Running with Spring Boot v3.0.4, Spring v6.0.6
2023-04-27 16:12:34 INFO  UserServiceTest:632 - No active profile set, falling back to 1 default profile: "default"
2023-04-27 16:12:36 INFO  UserServiceTest:57 - Started UserServiceTest in 1.543 seconds (process running for 3.993)
2023-06-19 10:06:35 INFO  TuitionProjectSpringApplication:51 - Starting TuitionProjectSpringApplication using Java 17.0.5 with PID 92102 (/Users/adamhardy/Downloads/TuitionProjectSpring/target/classes started by adamhardy in /Users/adamhardy/Downloads/TuitionProjectSpring)
2023-06-19 10:06:35 DEBUG TuitionProjectSpringApplication:52 - Running with Spring Boot v3.0.4, Spring v6.0.6
2023-06-19 10:06:35 INFO  TuitionProjectSpringApplication:632 - No active profile set, falling back to 1 default profile: "default"
2023-06-19 10:07:23 INFO  TuitionProjectSpringApplication:51 - Starting TuitionProjectSpringApplication using Java 17.0.5 with PID 92108 (/Users/adamhardy/Downloads/TuitionProjectSpring/target/classes started by adamhardy in /Users/adamhardy/Downloads/TuitionProjectSpring)
2023-06-19 10:07:23 DEBUG TuitionProjectSpringApplication:52 - Running with Spring Boot v3.0.4, Spring v6.0.6
2023-06-19 10:07:23 INFO  TuitionProjectSpringApplication:632 - No active profile set, falling back to 1 default profile: "default"
2023-06-19 10:07:31 INFO  TuitionProjectSpringApplication:57 - Started TuitionProjectSpringApplication in 7.779 seconds (process running for 8.463)
